<?xml version="1.0" encoding="UTF-8"?>
<!-- Generated by org.testng.reporters.JUnitXMLReporter -->
<testsuite ignored="3" hostname="LAPTOP-J7A69R0D" failures="0" tests="1" name="Default test" time="6.152" errors="0" timestamp="2022-03-22T12:24:25 PDT">
  <testcase classname="Create_GistTest" name="createGistTest" time="6.093"/>
  <testcase classname="Create_GistTest" name="mandatoryFileParameterTest" time="0.0">
    <ignored/>
  </testcase> <!-- mandatoryFileParameterTest -->
  <testcase classname="Create_GistTest" name="listApi" time="0.0">
    <ignored/>
  </testcase> <!-- listApi -->
  <testcase classname="Create_GistTest" name="mandatoryUserAgentTest" time="0.0">
    <ignored/>
  </testcase> <!-- mandatoryUserAgentTest -->
</testsuite> <!-- Default test -->
