<?xml version="1.0" encoding="UTF-8"?>
<!-- Generated by org.testng.reporters.JUnitXMLReporter -->
<testsuite ignored="0" hostname="LAPTOP-J7A69R0D" failures="0" tests="4" name="Test" time="4.779" errors="0" timestamp="2022-03-21T20:57:17 PDT">
  <testcase classname="Create_GistTest" name="createGistTest" time="3.922"/>
  <testcase classname="Create_GistTest" name="listApi" time="0.307"/>
  <testcase classname="Create_GistTest" name="mandatoryFileParameterTest" time="0.461"/>
  <testcase classname="Create_GistTest" name="mandatoryUserAgentTest" time="0.021"/>
</testsuite> <!-- Test -->
